<?xml version="1.0" encoding="UTF-8"?>
<!-- Generated by org.testng.reporters.JUnitXMLReporter -->
<testsuite ignored="0" hostname="DESKTOP-1N0VLJU" failures="0" tests="4" name="Default test" time="29.688" errors="0" timestamp="2024-11-16T13:35:17 EET">
  <testcase classname="TestCases" name="signUp" time="8.125"/>
  <testcase classname="TestCases" name="logOut" time="4.676"/>
  <testcase classname="TestCases" name="logIn" time="1.539"/>
  <testcase classname="TestCases" name="addItemToCart" time="13.979"/>
</testsuite> <!-- Default test -->
