<?xml version="1.0" encoding="UTF-8"?>
<!-- Generated by org.testng.reporters.JUnitXMLReporter -->
<testsuite ignored="3" hostname="DESKTOP-1N0VLJU" failures="0" tests="1" name="Default test" time="13.882" errors="0" timestamp="2024-10-27T16:57:55 EET">
  <testcase classname="TestCases" name="addItemToCart" time="12.192"/>
  <testcase classname="TestCases" name="logIn" time="0.0">
    <ignored/>
  </testcase> <!-- logIn -->
  <testcase classname="TestCases" name="signUp" time="0.0">
    <ignored/>
  </testcase> <!-- signUp -->
  <testcase classname="TestCases" name="logOut" time="0.0">
    <ignored/>
  </testcase> <!-- logOut -->
</testsuite> <!-- Default test -->
