<?xml version="1.0" encoding="UTF-8"?>
<testng-results ignored="0" total="4" passed="4" failed="0" skipped="0">
  <reporter-output>
  </reporter-output>
  <suite started-at="2024-11-16T13:34:48 EET" name="Default suite" finished-at="2024-11-16T13:35:17 EET" duration-ms="29688">
    <groups>
    </groups>
    <test started-at="2024-11-16T13:34:48 EET" name="Default test" finished-at="2024-11-16T13:35:17 EET" duration-ms="29688">
      <class name="TestCases">
        <test-method is-config="true" signature="setUp()[pri:0, instance:TestCases@18920cc]" started-at="2024-11-16T13:34:48 EET" name="setUp" finished-at="2024-11-16T13:34:49 EET" duration-ms="1342" status="PASS">
          <reporter-output>
          </reporter-output>
        </test-method> <!-- setUp -->
        <test-method signature="signUp()[pri:1, instance:TestCases@18920cc]" started-at="2024-11-16T13:34:49 EET" name="signUp" finished-at="2024-11-16T13:34:57 EET" duration-ms="8125" status="PASS">
          <reporter-output>
          </reporter-output>
        </test-method> <!-- signUp -->
        <test-method signature="logOut()[pri:2, instance:TestCases@18920cc]" started-at="2024-11-16T13:34:57 EET" name="logOut" finished-at="2024-11-16T13:35:02 EET" duration-ms="4676" status="PASS">
          <reporter-output>
          </reporter-output>
        </test-method> <!-- logOut -->
        <test-method signature="logIn()[pri:3, instance:TestCases@18920cc]" started-at="2024-11-16T13:35:02 EET" name="logIn" finished-at="2024-11-16T13:35:03 EET" duration-ms="1539" status="PASS">
          <reporter-output>
          </reporter-output>
        </test-method> <!-- logIn -->
        <test-method signature="addItemToCart()[pri:4, instance:TestCases@18920cc]" started-at="2024-11-16T13:35:03 EET" name="addItemToCart" finished-at="2024-11-16T13:35:17 EET" duration-ms="13979" status="PASS">
          <reporter-output>
          </reporter-output>
        </test-method> <!-- addItemToCart -->
      </class> <!-- TestCases -->
    </test> <!-- Default test -->
  </suite> <!-- Default suite -->
</testng-results>
